I tensorflow/stream_executor/dso_loader.cc:135] successfully opened CUDA library libcublas.so.8.0 locally
I tensorflow/stream_executor/dso_loader.cc:135] successfully opened CUDA library libcudnn.so.5 locally
I tensorflow/stream_executor/dso_loader.cc:135] successfully opened CUDA library libcufft.so.8.0 locally
I tensorflow/stream_executor/dso_loader.cc:135] successfully opened CUDA library libcuda.so.1 locally
I tensorflow/stream_executor/dso_loader.cc:135] successfully opened CUDA library libcurand.so.8.0 locally
W tensorflow/core/platform/cpu_feature_guard.cc:45] The TensorFlow library wasn't compiled to use SSE3 instructions, but these are available on your machine and could speed up CPU computations.
W tensorflow/core/platform/cpu_feature_guard.cc:45] The TensorFlow library wasn't compiled to use SSE4.1 instructions, but these are available on your machine and could speed up CPU computations.
W tensorflow/core/platform/cpu_feature_guard.cc:45] The TensorFlow library wasn't compiled to use SSE4.2 instructions, but these are available on your machine and could speed up CPU computations.
W tensorflow/core/platform/cpu_feature_guard.cc:45] The TensorFlow library wasn't compiled to use AVX instructions, but these are available on your machine and could speed up CPU computations.
I tensorflow/core/common_runtime/gpu/gpu_device.cc:885] Found device 0 with properties: 
name: Quadro K620
major: 5 minor: 0 memoryClockRate (GHz) 1.124
pciBusID 0000:04:00.0
Total memory: 1.95GiB
Free memory: 1.86GiB
I tensorflow/core/common_runtime/gpu/gpu_device.cc:906] DMA: 0 
I tensorflow/core/common_runtime/gpu/gpu_device.cc:916] 0:   Y 
I tensorflow/core/common_runtime/gpu/gpu_device.cc:975] Creating TensorFlow device (/gpu:0) -> (device: 0, name: Quadro K620, pci bus id: 0000:04:00.0)
W tensorflow/core/common_runtime/bfc_allocator.cc:217] Ran out of memory trying to allocate 1.51GiB. The caller indicates that this is not a failure, but may mean that there could be performance gains if more memory is available.
W tensorflow/core/common_runtime/bfc_allocator.cc:217] Ran out of memory trying to allocate 2.11GiB. The caller indicates that this is not a failure, but may mean that there could be performance gains if more memory is available.
W tensorflow/core/common_runtime/bfc_allocator.cc:217] Ran out of memory trying to allocate 2.11GiB. The caller indicates that this is not a failure, but may mean that there could be performance gains if more memory is available.
W tensorflow/core/common_runtime/bfc_allocator.cc:217] Ran out of memory trying to allocate 2.05GiB. The caller indicates that this is not a failure, but may mean that there could be performance gains if more memory is available.
W tensorflow/core/common_runtime/bfc_allocator.cc:217] Ran out of memory trying to allocate 545.14MiB. The caller indicates that this is not a failure, but may mean that there could be performance gains if more memory is available.
W tensorflow/core/common_runtime/bfc_allocator.cc:217] Ran out of memory trying to allocate 527.91MiB. The caller indicates that this is not a failure, but may mean that there could be performance gains if more memory is available.
W tensorflow/core/common_runtime/bfc_allocator.cc:217] Ran out of memory trying to allocate 545.14MiB. The caller indicates that this is not a failure, but may mean that there could be performance gains if more memory is available.
W tensorflow/core/common_runtime/bfc_allocator.cc:217] Ran out of memory trying to allocate 521.98MiB. The caller indicates that this is not a failure, but may mean that there could be performance gains if more memory is available.
I tensorflow/core/common_runtime/gpu/pool_allocator.cc:247] PoolAllocator: After 7267 get requests, put_count=7247 evicted_count=1000 eviction_rate=0.137988 and unsatisfied allocation rate=0.154121
I tensorflow/core/common_runtime/gpu/pool_allocator.cc:259] Raising pool_size_limit_ from 100 to 110
The model is set to Training
Max training Iteration: 20000
Initial lr: 0.001000
CamVid Image dir: /users/TeamVideoSummarization/.ispc/SegNet-Tutorial/CamVid/train.txt
CamVid Val dir: /users/TeamVideoSummarization/.ispc/SegNet-Tutorial/CamVid/val.txt
Batch Size: 3
Log dir: /users/TeamVideoSummarization/.ispc/SegNet-Tutorial/Models/Training
Filling queue with 146 CamVid images before starting to train. This will take a few minutes.
Filling queue with 146 CamVid images before starting to train. This will take a few minutes.
2017-09-04 20:20:04.927030: step 0, loss = 1.59 (0.2 examples/sec; 13.042 sec/batch)
accuracy = 0.092377
mean IU  = 0.037424
    class # 0 accuracy = 0.131854 
    class # 1 accuracy = 0.090203 
    class # 2 accuracy = 0.083835 
    class # 3 accuracy = 0.073516 
    class # 4 accuracy = 0.133413 
    class # 5 accuracy = 0.063595 
    class # 6 accuracy = 0.274606 
    class # 7 accuracy = 0.000000 
    class # 8 accuracy = 0.081910 
    class # 9 accuracy = 0.093798 
    class # 10 accuracy = 0.111486 
start validating.....
val loss:  1.81192602261
accuracy = 0.085731
mean IU  = 0.034628
    class # 0 accuracy = 0.108003 
    class # 1 accuracy = 0.086918 
    class # 2 accuracy = 0.091203 
    class # 3 accuracy = 0.070206 
    class # 4 accuracy = 0.124144 
    class # 5 accuracy = 0.061619 
    class # 6 accuracy = 0.246372 
    class # 7 accuracy = 0.118180 
    class # 8 accuracy = 0.103461 
    class # 9 accuracy = 0.076147 
    class # 10 accuracy = 0.072698 
 end validating.... 
2017-09-04 20:21:01.661560: step 10, loss = 1.11 (1.0 examples/sec; 2.925 sec/batch)
accuracy = 0.198550
mean IU  = 0.046375
    class # 0 accuracy = 0.639694 
    class # 1 accuracy = 0.000166 
    class # 2 accuracy = 0.000337 
    class # 3 accuracy = 0.251046 
    class # 4 accuracy = 0.020978 
    class # 5 accuracy = 0.000937 
    class # 6 accuracy = 0.992008 
    class # 7 accuracy = 0.000000 
    class # 8 accuracy = 0.032987 
    class # 9 accuracy = 0.004830 
    class # 10 accuracy = 0.000000 
2017-09-04 20:21:31.953710: step 20, loss = 0.95 (1.0 examples/sec; 2.922 sec/batch)
accuracy = 0.286401
mean IU  = 0.062231
    class # 0 accuracy = 0.202392 
    class # 1 accuracy = 0.001295 
    class # 2 accuracy = 0.000000 
    class # 3 accuracy = 0.703745 
    class # 4 accuracy = 0.010276 
    class # 5 accuracy = 0.000210 
    class # 6 accuracy = 1.000000 
    class # 7 accuracy = 0.000000 
    class # 8 accuracy = 0.062485 
    class # 9 accuracy = 0.033734 
    class # 10 accuracy = 0.000000 
2017-09-04 20:22:02.363812: step 30, loss = 1.00 (1.0 examples/sec; 2.942 sec/batch)
accuracy = 0.235835
mean IU  = 0.049968
    class # 0 accuracy = 0.009253 
    class # 1 accuracy = 0.002645 
    class # 2 accuracy = 0.000000 
    class # 3 accuracy = 0.835570 
    class # 4 accuracy = 0.075198 
    class # 5 accuracy = 0.000000 
    class # 6 accuracy = 0.993500 
    class # 7 accuracy = 0.000000 
    class # 8 accuracy = 0.000225 
    class # 9 accuracy = 0.078943 
    class # 10 accuracy = 0.000000 
2017-09-04 20:22:32.654339: step 40, loss = 0.94 (1.0 examples/sec; 2.923 sec/batch)
accuracy = 0.373214
mean IU  = 0.079052
    class # 0 accuracy = 0.047572 
    class # 1 accuracy = 0.011655 
    class # 2 accuracy = 0.000156 
    class # 3 accuracy = 0.889471 
    class # 4 accuracy = 0.094469 
    class # 5 accuracy = 0.000000 
    class # 6 accuracy = 0.957411 
    class # 7 accuracy = 0.000000 
    class # 8 accuracy = 0.000000 
    class # 9 accuracy = 0.422372 
    class # 10 accuracy = 0.000000 
2017-09-04 20:23:03.027904: step 50, loss = 0.98 (1.0 examples/sec; 2.923 sec/batch)
accuracy = 0.299217
mean IU  = 0.083848
    class # 0 accuracy = 0.169023 
    class # 1 accuracy = 0.080059 
    class # 2 accuracy = 0.000000 
    class # 3 accuracy = 0.671619 
    class # 4 accuracy = 0.338876 
    class # 5 accuracy = 0.000000 
    class # 6 accuracy = 0.873259 
    class # 7 accuracy = 0.000000 
    class # 8 accuracy = 0.075033 
    class # 9 accuracy = 0.411877 
    class # 10 accuracy = 0.000000 
2017-09-04 20:23:33.313096: step 60, loss = 0.71 (1.0 examples/sec; 2.926 sec/batch)
accuracy = 0.390106
mean IU  = 0.167480
    class # 0 accuracy = 0.893546 
    class # 1 accuracy = 0.020563 
    class # 2 accuracy = 0.000000 
    class # 3 accuracy = 0.651827 
    class # 4 accuracy = 0.855992 
    class # 5 accuracy = 0.086083 
    class # 6 accuracy = 0.937750 
    class # 7 accuracy = 0.000000 
    class # 8 accuracy = 0.000089 
    class # 9 accuracy = 0.362859 
    class # 10 accuracy = 0.000000 
2017-09-04 20:24:03.634403: step 70, loss = 0.53 (1.0 examples/sec; 2.925 sec/batch)
accuracy = 0.601716
mean IU  = 0.191569
    class # 0 accuracy = 0.953271 
    class # 1 accuracy = 0.174360 
    class # 2 accuracy = 0.000000 
    class # 3 accuracy = 0.820112 
    class # 4 accuracy = 0.301806 
    class # 5 accuracy = 0.041351 
    class # 6 accuracy = 0.954654 
    class # 7 accuracy = 0.000000 
    class # 8 accuracy = 0.317865 
    class # 9 accuracy = 0.315143 
    class # 10 accuracy = 0.000000 
2017-09-04 20:24:33.870172: step 80, loss = 0.78 (1.0 examples/sec; 2.927 sec/batch)
accuracy = 0.525230
mean IU  = 0.149372
    class # 0 accuracy = 0.920830 
    class # 1 accuracy = 0.000010 
    class # 2 accuracy = 0.000000 
    class # 3 accuracy = 0.803264 
    class # 4 accuracy = 0.127234 
    class # 5 accuracy = 0.000000 
    class # 6 accuracy = 1.000000 
    class # 7 accuracy = 0.000000 
    class # 8 accuracy = 0.262800 
    class # 9 accuracy = 0.000000 
    class # 10 accuracy = 0.000000 
2017-09-04 20:25:04.119470: step 90, loss = 0.77 (1.0 examples/sec; 2.923 sec/batch)
accuracy = 0.453686
mean IU  = 0.146937
    class # 0 accuracy = 0.842860 
    class # 1 accuracy = 0.000000 
    class # 2 accuracy = 0.000000 
    class # 3 accuracy = 0.790223 
    class # 4 accuracy = 0.270450 
    class # 5 accuracy = 0.063102 
    class # 6 accuracy = 0.744087 
    class # 7 accuracy = 0.000000 
    class # 8 accuracy = 0.270681 
    class # 9 accuracy = 0.383073 
    class # 10 accuracy = 0.000000 
2017-09-04 20:25:34.380761: step 100, loss = 0.71 (1.0 examples/sec; 2.926 sec/batch)
accuracy = 0.393693
mean IU  = 0.174217
    class # 0 accuracy = 0.936335 
    class # 1 accuracy = 0.000150 
    class # 2 accuracy = 0.000000 
    class # 3 accuracy = 0.793221 
    class # 4 accuracy = 0.396562 
    class # 5 accuracy = 0.237753 
    class # 6 accuracy = 0.989574 
    class # 7 accuracy = 0.000000 
    class # 8 accuracy = 0.162573 
    class # 9 accuracy = 0.343215 
    class # 10 accuracy = 0.000000 
start validating.....
val loss:  1.24518869537
accuracy = 0.412650
mean IU  = 0.152279
    class # 0 accuracy = 0.946554 
    class # 1 accuracy = 0.000075 
    class # 2 accuracy = 0.000000 
    class # 3 accuracy = 0.872617 
    class # 4 accuracy = 0.159336 
    class # 5 accuracy = 0.225865 
    class # 6 accuracy = 0.920384 
    class # 7 accuracy = 0.000000 
    class # 8 accuracy = 0.196129 
    class # 9 accuracy = 0.238565 
    class # 10 accuracy = 0.000000 
 end validating.... 
2017-09-04 20:26:26.221699: step 110, loss = 0.99 (1.0 examples/sec; 2.922 sec/batch)
accuracy = 0.484814
mean IU  = 0.153378
    class # 0 accuracy = 0.838065 
    class # 1 accuracy = 0.000456 
    class # 2 accuracy = 0.000184 
    class # 3 accuracy = 0.923092 
    class # 4 accuracy = 0.224177 
    class # 5 accuracy = 0.004037 
    class # 6 accuracy = 0.964992 
    class # 7 accuracy = 0.000000 
    class # 8 accuracy = 0.000000 
    class # 9 accuracy = 0.156066 
    class # 10 accuracy = 0.000000 
2017-09-04 20:26:56.485461: step 120, loss = 0.90 (1.0 examples/sec; 2.929 sec/batch)
accuracy = 0.414275
mean IU  = 0.148939
    class # 0 accuracy = 0.905416 
    class # 1 accuracy = 0.063710 
    class # 2 accuracy = 0.000000 
    class # 3 accuracy = 0.847464 
    class # 4 accuracy = 0.177502 
    class # 5 accuracy = 0.000052 
    class # 6 accuracy = 0.997527 
    class # 7 accuracy = 0.000000 
    class # 8 accuracy = 0.191429 
    class # 9 accuracy = 0.387269 
    class # 10 accuracy = 0.000000 
2017-09-04 20:27:26.770023: step 130, loss = 0.65 (1.0 examples/sec; 2.927 sec/batch)